make all --print-data-base --no-builtin-variables --no-builtin-rules --question
# GNU Make 3.82
 
# Built for x86_64-redhat-linux-gnu
# Copyright (C) 2010  Free Software Foundation, Inc.
# License GPLv3+: GNU GPL version 3 or later <http://gnu.org/licenses/gpl.html>
# This is free software: you are free to change and redistribute it.
# There is NO WARRANTY, to the extent permitted by law.

# Make data base, printed on Thu May 12 16:38:13 2022

# Variables

# automatic
<D = $(patsubst %/,%,$(dir $<))
# automatic
?F = $(notdir $?)
# environment
DESKTOP_SESSION = mate
# default
.SHELLFLAGS := -c
# environment
_VIRTUALENVWRAPPER_API =  mkvirtualenv rmvirtualenv lsvirtualenv showvirtualenv workon add2virtualenv cdsitepackages cdvirtualenv lssitepackages toggleglobalsitepackages cpvirtualenv setvirtualenvproject mkproject cdproject mktmpenv wipeenv allvirtualenv mkvirtualenv rmvirtualenv lsvirtualenv showvirtualenv workon add2virtualenv cdsitepackages cdvirtualenv lssitepackages toggleglobalsitepackages cpvirtualenv setvirtualenvproject mkproject cdproject mktmpenv wipeenv allvirtualenv
# environment
XDG_SESSION_TYPE = x11
# environment
VSCODE_LOG_NATIVE = false
# automatic
?D = $(patsubst %/,%,$(dir $?))
# environment
X_SCLS = rh-python36 
# automatic
@D = $(patsubst %/,%,$(dir $@))
# environment
XAUTHORITY = /var/run/lightdm/d12019840/xauthority
# environment
GDMSESSION = mate
# default
MAKE_VERSION := 3.82
# makefile
CURDIR := /homes/d12019840/stuff/ddca_ss2022
# makefile
SHELL = /bin/sh
# environment
GDM_LANG = en_US.utf8
# environment
VSCODE_NLS_CONFIG = {"locale":"en-us","availableLanguages":{},"_languagePackSupport":true}
# environment
_ = /usr/bin/make
# environment
LESSOPEN = ||/usr/bin/lesspipe.sh %s
# environment
GTK_OVERLAY_SCROLLING = 0
# makefile
MAKEFILE_LIST := 
# automatic
@F = $(notdir $@)
# environment
GIO_LAUNCHED_DESKTOP_FILE = /usr/share/applications/code.desktop
# environment
XDG_DATA_DIRS = /opt/rh/rh-python36/root/usr/share:/homes/d12019840/.local/share/flatpak/exports/share:/var/lib/flatpak/exports/share:/usr/local/share:/usr/share
# environment
DBUS_SESSION_BUS_ADDRESS = unix:abstract=/tmp/dbus-86Be7SvdqF,guid=1d0f3d9ed9c6e77b605461d9627d1b85
# environment
VSCODE_VERBOSE_LOGGING = true
# environment
QT_PLUGIN_PATH = /usr/lib64/kde4/plugins:/usr/lib/kde4/plugins
# environment
VSCODE_IPC_HOOK_EXTHOST = /run/user/24045/vscode-ipc-49db936e-f9ad-4542-bca4-6a20d5f65ce7.sock
# environment
VSCODE_CWD = /homes/d12019840
# environment
HISTCONTROL = ignoredups
# environment
XDG_SESSION_PATH = /org/freedesktop/DisplayManager/Session0
# environment
PATH = /usr/lib/jvm/java-11-openjdk/bin:/usr/lib/jvm/java-11-openjdk/bin:/opt/rh/rh-python36/root/usr/bin:/usr/local/bin:/usr/bin:/bin:/usr/local/sbin:/usr/sbin:/opt/dalu-arm-toolchain/bin:/opt/gradle-6.6.1/bin:/opt/ideaIC-2021.3.2/bin:/opt/quartus_18.1/quartus/bin:/opt/questa_core_prime_10.6-for_quartus18.1/mentor/2017-18/RHELx86/QUESTA-CORE-PRIME_10.6c-1/questasim/bin:/opt/ddca/riscv/bin:/opt/ddca/bin:/homes/d12019840/.local/bin:/homes/d12019840/bin:/opt/dalu-arm-toolchain/bin:/opt/gradle-6.6.1/bin:/opt/ideaIC-2021.3.2/bin:/opt/quartus_18.1/quartus/bin:/opt/questa_core_prime_10.6-for_quartus18.1/mentor/2017-18/RHELx86/QUESTA-CORE-PRIME_10.6c-1/questasim/bin:/opt/ddca/riscv/bin:/opt/ddca/bin:/homes/d12019840/.local/bin:/homes/d12019840/bin
# environment
QT_GRAPHICSSYSTEM_CHECKED = 1
# environment
SESSION_MANAGER = local/unix:@/tmp/.ICE-unix/2315,unix/unix:/tmp/.ICE-unix/2315
# environment
XDG_RUNTIME_DIR = /run/user/24045
# environment
VSCODE_LOG_STACK = false
# environment
ELECTRON_RUN_AS_NODE = 1
# default
.FEATURES := target-specific order-only second-expansion else-if shortest-stem undefine oneshell archives jobserver check-symlink
# environment
XDG_GREETER_DATA_DIR = /var/lib/lightdm-data/d12019840
# environment
XDG_SESSION_DESKTOP = mate
# environment
SSH_AUTH_SOCK = /homes/d12019840/.cache/keyring-Q4DZL1/ssh
# environment
GIO_LAUNCHED_DESKTOP_FILE_PID = 3256
# automatic
%F = $(notdir $%)
# environment
KDEDIRS = /usr
# environment
DISPLAY = :0
# environment
IMSETTINGS_INTEGRATE_DESKTOP = yes
# environment
PWD = /homes/d12019840/stuff/ddca_ss2022
# environment
MTI_HOME = /opt/questa_core_prime_10.6-for_quartus18.1/mentor/2017-18/RHELx86/QUESTA-CORE-PRIME_10.6c-1/questasim
# environment
XDG_SEAT = seat0
# environment
SSH_AGENT_PID = 2425
# environment
PKG_CONFIG_PATH = /opt/rh/rh-python36/root/usr/lib64/pkgconfig
# environment
ORIGINAL_XDG_CURRENT_DESKTOP = MATE
# environment
MGLS_LICENSE_FILE = 1717@modelsim.ecs.tuwien.ac.at
# environment
MANPATH = /opt/rh/rh-python36/root/usr/share/man:
# environment
VSCODE_AMD_ENTRYPOINT = vs/workbench/api/node/extensionHostProcess
# environment
HOME = /homes/d12019840
# environment
LD_LIBRARY_PATH = /opt/rh/rh-python36/root/usr/lib64
# environment
VSCODE_CODE_CACHE_PATH = /homes/d12019840/.config/Code/CachedData/da15b6fd3ef856477bf6f4fb29ba1b7af717770d
# environment
LOGNAME = d12019840
# environment
ALTERAD_LICENSE_FILE = 26889@quartus.ecs.tuwien.ac.at
# environment
VSCODE_HANDLES_UNCAUGHT_ERRORS = true
# automatic
^D = $(patsubst %/,%,$(dir $^))
# environment
HOSTNAME = ti3
# environment
XDG_VTNR = 1
# environment
MAKELEVEL := 0
# default
MAKE = $(MAKE_COMMAND)
# default
MAKECMDGOALS := all
# environment
SHLVL = 3
# environment
JAVA_HOME = /usr/lib/jvm/java-11-openjdk
# environment
XDG_SESSION_ID = 2
# environment
USER = d12019840
# makefile
.DEFAULT_GOAL := 
# environment
XDG_CURRENT_DESKTOP = MATE
# automatic
%D = $(patsubst %/,%,$(dir $%))
# default
MAKE_COMMAND := make
# default
.VARIABLES := 
# environment
CVS_RSH = ssh
# environment
IMSETTINGS_MODULE = none
# automatic
*F = $(notdir $*)
# environment
XDG_SEAT_PATH = /org/freedesktop/DisplayManager/Seat0
# environment
VSCODE_IPC_HOOK = /run/user/24045/vscode-839d15ae-1.67.1-main.sock
# environment
GNOME_KEYRING_CONTROL = /homes/d12019840/.cache/keyring-Q4DZL1
# makefile
MAKEFLAGS = Rrqp
# environment
MFLAGS = -Rrqp
# automatic
*D = $(patsubst %/,%,$(dir $*))
# environment
MAIL = /var/spool/mail/d12019840
# automatic
+D = $(patsubst %/,%,$(dir $+))
# environment
APPLICATION_INSIGHTS_NO_DIAGNOSTIC_CHANNEL = true
# environment
GDK_BACKEND = x11
# automatic
+F = $(notdir $+)
# environment
NO_AT_BRIDGE = 1
# environment
VSCODE_PIPE_LOGGING = true
# default
MAKEFILES := 
# automatic
<F = $(notdir $<)
# environment
VIRTUALENVWRAPPER_SCRIPT = /usr/bin/virtualenvwrapper.sh
# environment
MODEL_TECH = /opt/questa_core_prime_10.6-for_quartus18.1/mentor/2017-18/RHELx86/QUESTA-CORE-PRIME_10.6c-1/questasim/bin
# environment
LC_ALL = C
# environment
SBX_CHROME_API_RQ = 1
# environment
SANDBOX_LD_LIBRARY_PATH = /opt/rh/rh-python36/root/usr/lib64
# automatic
^F = $(notdir $^)
# default
SUFFIXES := 
# environment
HISTSIZE = 1000
# environment
CHROME_DESKTOP = code-url-handler.desktop
# environment
MATE_DESKTOP_SESSION_ID = this-is-deprecated
# default
.INCLUDE_DIRS = /usr/include /usr/local/include /usr/include
# default
.RECIPEPREFIX := 
# environment
LANG = C
# environment
TERM = dumb
# environment
VSCODE_PID = 3256
# variable set hash-table stats:
# Load=109/1024=11%, Rehash=0, Collisions=10/128=8%

# Pattern-specific Variable Values

# No pattern-specific variable values.

# Directories

# . (device 58, inode 3014774): 9 files, no impossibilities.

# 9 files, no impossibilities in 1 directories.

# Implicit Rules

# No implicit rules.

# Files

# Not a target:
all:
#  Command line target.
#  Implicit rule search has been done.
#  File does not exist.
#  File has not been updated.

# Not a target:
.SUFFIXES:
#  Implicit rule search has not been done.
#  Modification time never checked.
#  File has not been updated.

 
make: *** No rule to make target `all'.  Stop.

# Not a target:
Makefile:
#  Implicit rule search has been done.
#  File does not exist.
#  File has been updated.
#  Failed to be updated.

# Not a target:
makefile:
#  Implicit rule search has been done.
#  File does not exist.
#  File has been updated.
#  Failed to be updated.

# Not a target:
.DEFAULT:
#  Implicit rule search has not been done.
#  Modification time never checked.
#  File has not been updated.

# Not a target:
GNUmakefile:
#  Implicit rule search has been done.
#  File does not exist.
#  File has been updated.
#  Failed to be updated.

# files hash-table stats:
# Load=6/1024=1%, Rehash=0, Collisions=0/15=0%
# VPATH Search Paths

# No `vpath' search paths.

# No general (`VPATH' variable) search path.

# # of strings in strcache: 0 / lookups = 20 / hits = 20
# # of strcache buffers: 1 (* 8176 B/buffer = 8176 B)
# strcache used: total = 0 (171) / max = 0 / min = 8176 / avg = 0
# strcache free: total = 0 (8005) / max = 0 / min = 8176 / avg = 0

# strcache hash-table stats:
# Load=17/8192=0%, Rehash=0, Collisions=1/20=5%
# Finished Make data base on Thu May 12 16:38:13 2022

 
